Hmm...  Looks like a unified diff to me...
The text leading up to this was:
--------------------------
|Index: patch-2.5.9/patch.man
|===================================================================
|--- patch-2.5.9.orig/patch.man
|+++ patch-2.5.9/patch.man
--------------------------
Patching file patch.man using Plan A...
Hunk #1 succeeded at 517 with fuzz 2 (offset -3 lines).
Not setting time of file patch.man (time mismatch)
Hmm...  The next patch looks like a unified diff to me...
The text leading up to this was:
--------------------------
|Index: patch-2.5.9/patch.c
|===================================================================
|--- patch-2.5.9.orig/patch.c
|+++ patch-2.5.9/patch.c
--------------------------
Patching file patch.c using Plan A...
Hunk #1 succeeded at 67.
Hunk #2 succeeded at 99.
Hunk #3 succeeded at 174.
Hunk #4 succeeded at 214.
Hunk #5 succeeded at 285.
Hunk #6 succeeded at 301.
Hunk #7 succeeded at 310.
Hunk #8 succeeded at 345.
Hunk #9 succeeded at 426.
Hunk #10 succeeded at 459.
Hunk #11 FAILED at 551.
Hunk #12 FAILED at 611.
Hunk #13 succeeded at 809 with fuzz 2 (offset -5 lines).
Hunk #14 FAILED at 961.
Not setting time of file patch.c (time mismatch)
3 out of 14 hunks FAILED -- saving rejects to file patch.c.rej
done
